<?xml version="1.0" encoding="UTF-8"?>
<testng-results ignored="0" total="1" passed="1" failed="0" skipped="0">
  <reporter-output>
    <line>
      <![CDATA[No of rows are ::11]]>
    </line>
    <line>
      <![CDATA[Username And Password Valid::dashboard   http://webapp.qedgetech.com/dashboard.php]]>
    </line>
    <line>
      <![CDATA[Incorrect user ID or password   dashboard   http://webapp.qedgetech.com/login.php]]>
    </line>
    <line>
      <![CDATA[Incorrect user ID or password   dashboard   http://webapp.qedgetech.com/login.php]]>
    </line>
    <line>
      <![CDATA[Username And Password Valid::dashboard   http://webapp.qedgetech.com/dashboard.php]]>
    </line>
    <line>
      <![CDATA[Username And Password Valid::dashboard   http://webapp.qedgetech.com/dashboard.php]]>
    </line>
    <line>
      <![CDATA[Username And Password Valid::dashboard   http://webapp.qedgetech.com/dashboard.php]]>
    </line>
    <line>
      <![CDATA[Username And Password Valid::dashboard   http://webapp.qedgetech.com/dashboard.php]]>
    </line>
    <line>
      <![CDATA[Username And Password Valid::dashboard   http://webapp.qedgetech.com/dashboard.php]]>
    </line>
    <line>
      <![CDATA[Incorrect user ID or password   dashboard   http://webapp.qedgetech.com/login.php]]>
    </line>
    <line>
      <![CDATA[Incorrect user ID or password   dashboard   http://webapp.qedgetech.com/login.php]]>
    </line>
    <line>
      <![CDATA[Username And Password Valid::dashboard   http://webapp.qedgetech.com/dashboard.php]]>
    </line>
  </reporter-output>
  <suite started-at="2024-04-12T08:09:25Z" name="Surefire suite" finished-at="2024-04-12T08:12:34Z" duration-ms="189080">
    <groups>
    </groups>
    <test started-at="2024-04-12T08:09:25Z" name="Surefire test" finished-at="2024-04-12T08:12:34Z" duration-ms="189080">
      <class name="DriverFactory.AppTest">
        <test-method is-config="true" signature="setUp()[pri:0, instance:DriverFactory.AppTest@46238e3f]" started-at="2024-04-12T08:09:25Z" name="setUp" finished-at="2024-04-12T08:09:44Z" duration-ms="19607" status="PASS">
          <reporter-output>
          </reporter-output>
        </test-method> <!-- setUp -->
        <test-method signature="startTest()[pri:0, instance:DriverFactory.AppTest@46238e3f]" started-at="2024-04-12T08:09:44Z" name="startTest" finished-at="2024-04-12T08:12:33Z" duration-ms="168381" status="PASS">
          <reporter-output>
            <line>
              <![CDATA[No of rows are ::11]]>
            </line>
            <line>
              <![CDATA[Username And Password Valid::dashboard   http://webapp.qedgetech.com/dashboard.php]]>
            </line>
            <line>
              <![CDATA[Incorrect user ID or password   dashboard   http://webapp.qedgetech.com/login.php]]>
            </line>
            <line>
              <![CDATA[Incorrect user ID or password   dashboard   http://webapp.qedgetech.com/login.php]]>
            </line>
            <line>
              <![CDATA[Username And Password Valid::dashboard   http://webapp.qedgetech.com/dashboard.php]]>
            </line>
            <line>
              <![CDATA[Username And Password Valid::dashboard   http://webapp.qedgetech.com/dashboard.php]]>
            </line>
            <line>
              <![CDATA[Username And Password Valid::dashboard   http://webapp.qedgetech.com/dashboard.php]]>
            </line>
            <line>
              <![CDATA[Username And Password Valid::dashboard   http://webapp.qedgetech.com/dashboard.php]]>
            </line>
            <line>
              <![CDATA[Username And Password Valid::dashboard   http://webapp.qedgetech.com/dashboard.php]]>
            </line>
            <line>
              <![CDATA[Incorrect user ID or password   dashboard   http://webapp.qedgetech.com/login.php]]>
            </line>
            <line>
              <![CDATA[Incorrect user ID or password   dashboard   http://webapp.qedgetech.com/login.php]]>
            </line>
            <line>
              <![CDATA[Username And Password Valid::dashboard   http://webapp.qedgetech.com/dashboard.php]]>
            </line>
          </reporter-output>
        </test-method> <!-- startTest -->
        <test-method is-config="true" signature="tearDown()[pri:0, instance:DriverFactory.AppTest@46238e3f]" started-at="2024-04-12T08:12:33Z" name="tearDown" finished-at="2024-04-12T08:12:34Z" duration-ms="1055" status="PASS">
          <reporter-output>
          </reporter-output>
        </test-method> <!-- tearDown -->
      </class> <!-- DriverFactory.AppTest -->
    </test> <!-- Surefire test -->
  </suite> <!-- Surefire suite -->
</testng-results>
